[2021-02-05 17:22:33] production.ERROR: Impossible de charger /var/www/progression/dao/mock/DAOFactory.php {"exception":"[object] (MissingException(code: 0): Impossible de charger /var/www/progression/dao/mock/DAOFactory.php at /var/www/autoload.php:29)
[stacktrace]
#0 /var/www/progression/domaine/interacteur/LoginInteracteur.php(31): {closure}('progression\\\\dao...')
#1 /var/www/progression/domaine/interacteur/AuthentificationInteracteur.php(33): progression\\domaine\\interacteur\\LoginInteracteur->login('admin')
#2 /var/www/progression/http/controleurs/LoginControleur.php(35): progression\\domaine\\interacteur\\AuthentificationInteracteur->créerToken('admin')
#3 /var/www/vendor/illuminate/container/BoundMethod.php(36): progression\\http\\controleurs\\LoginControleur->login(Object(Laravel\\Lumen\\Http\\Request))
#4 /var/www/vendor/illuminate/container/Util.php(40): Illuminate\\Container\\BoundMethod::Illuminate\\Container\\{closure}()
#5 /var/www/vendor/illuminate/container/BoundMethod.php(93): Illuminate\\Container\\Util::unwrapIfClosure(Object(Closure))
#6 /var/www/vendor/illuminate/container/BoundMethod.php(37): Illuminate\\Container\\BoundMethod::callBoundMethod(Object(Laravel\\Lumen\\Application), Array, Object(Closure))
#7 /var/www/vendor/illuminate/container/Container.php(610): Illuminate\\Container\\BoundMethod::call(Object(Laravel\\Lumen\\Application), Array, Array, NULL)
#8 /var/www/vendor/laravel/lumen-framework/src/Concerns/RoutesRequests.php(386): Illuminate\\Container\\Container->call(Array, Array)
#9 /var/www/vendor/laravel/lumen-framework/src/Concerns/RoutesRequests.php(352): Laravel\\Lumen\\Application->callControllerCallable(Array, Array)
#10 /var/www/vendor/laravel/lumen-framework/src/Concerns/RoutesRequests.php(326): Laravel\\Lumen\\Application->callLumenController(Object(progression\\http\\controleurs\\LoginControleur), 'login', Array)
#11 /var/www/vendor/laravel/lumen-framework/src/Concerns/RoutesRequests.php(279): Laravel\\Lumen\\Application->callControllerAction(Array)
#12 /var/www/vendor/laravel/lumen-framework/src/Concerns/RoutesRequests.php(264): Laravel\\Lumen\\Application->callActionOnArrayBasedRoute(Array)
#13 /var/www/vendor/laravel/lumen-framework/src/Concerns/RoutesRequests.php(166): Laravel\\Lumen\\Application->handleFoundRoute(Array)
#14 /var/www/vendor/laravel/lumen-framework/src/Concerns/RoutesRequests.php(426): Laravel\\Lumen\\Application->Laravel\\Lumen\\Concerns\\{closure}(Object(Laravel\\Lumen\\Http\\Request))
#15 /var/www/vendor/laravel/lumen-framework/src/Concerns/RoutesRequests.php(172): Laravel\\Lumen\\Application->sendThroughPipeline(Array, Object(Closure))
#16 /var/www/vendor/laravel/lumen-framework/src/Concerns/RoutesRequests.php(109): Laravel\\Lumen\\Application->dispatch(NULL)
#17 /var/www/html/index.php(28): Laravel\\Lumen\\Application->run()
#18 {main}
"} 
[2021-02-05 17:23:43] production.ERROR: Impossible de charger /var/www/progression/dao/mock/DAOFactory.php {"exception":"[object] (MissingException(code: 0): Impossible de charger /var/www/progression/dao/mock/DAOFactory.php at /var/www/autoload.php:29)
[stacktrace]
#0 /var/www/progression/domaine/interacteur/LoginInteracteur.php(31): {closure}('progression\\\\dao...')
#1 /var/www/progression/domaine/interacteur/AuthentificationInteracteur.php(33): progression\\domaine\\interacteur\\LoginInteracteur->login('admin')
#2 /var/www/progression/http/controleurs/LoginControleur.php(35): progression\\domaine\\interacteur\\AuthentificationInteracteur->créerToken('admin')
#3 /var/www/vendor/illuminate/container/BoundMethod.php(36): progression\\http\\controleurs\\LoginControleur->login(Object(Laravel\\Lumen\\Http\\Request))
#4 /var/www/vendor/illuminate/container/Util.php(40): Illuminate\\Container\\BoundMethod::Illuminate\\Container\\{closure}()
#5 /var/www/vendor/illuminate/container/BoundMethod.php(93): Illuminate\\Container\\Util::unwrapIfClosure(Object(Closure))
#6 /var/www/vendor/illuminate/container/BoundMethod.php(37): Illuminate\\Container\\BoundMethod::callBoundMethod(Object(Laravel\\Lumen\\Application), Array, Object(Closure))
#7 /var/www/vendor/illuminate/container/Container.php(610): Illuminate\\Container\\BoundMethod::call(Object(Laravel\\Lumen\\Application), Array, Array, NULL)
#8 /var/www/vendor/laravel/lumen-framework/src/Concerns/RoutesRequests.php(386): Illuminate\\Container\\Container->call(Array, Array)
#9 /var/www/vendor/laravel/lumen-framework/src/Concerns/RoutesRequests.php(352): Laravel\\Lumen\\Application->callControllerCallable(Array, Array)
#10 /var/www/vendor/laravel/lumen-framework/src/Concerns/RoutesRequests.php(326): Laravel\\Lumen\\Application->callLumenController(Object(progression\\http\\controleurs\\LoginControleur), 'login', Array)
#11 /var/www/vendor/laravel/lumen-framework/src/Concerns/RoutesRequests.php(279): Laravel\\Lumen\\Application->callControllerAction(Array)
#12 /var/www/vendor/laravel/lumen-framework/src/Concerns/RoutesRequests.php(264): Laravel\\Lumen\\Application->callActionOnArrayBasedRoute(Array)
#13 /var/www/vendor/laravel/lumen-framework/src/Concerns/RoutesRequests.php(166): Laravel\\Lumen\\Application->handleFoundRoute(Array)
#14 /var/www/vendor/laravel/lumen-framework/src/Concerns/RoutesRequests.php(426): Laravel\\Lumen\\Application->Laravel\\Lumen\\Concerns\\{closure}(Object(Laravel\\Lumen\\Http\\Request))
#15 /var/www/vendor/laravel/lumen-framework/src/Concerns/RoutesRequests.php(172): Laravel\\Lumen\\Application->sendThroughPipeline(Array, Object(Closure))
#16 /var/www/vendor/laravel/lumen-framework/src/Concerns/RoutesRequests.php(109): Laravel\\Lumen\\Application->dispatch(NULL)
#17 /var/www/html/index.php(28): Laravel\\Lumen\\Application->run()
#18 {main}
"} 
[2021-02-05 17:26:21] production.ERROR: Impossible de charger /var/www/progression/dao/mock/DAOFactory.php {"exception":"[object] (MissingException(code: 0): Impossible de charger /var/www/progression/dao/mock/DAOFactory.php at /var/www/autoload.php:29)
[stacktrace]
#0 /var/www/progression/domaine/interacteur/LoginInteracteur.php(31): {closure}('progression\\\\dao...')
#1 /var/www/progression/domaine/interacteur/AuthentificationInteracteur.php(33): progression\\domaine\\interacteur\\LoginInteracteur->login('admin')
#2 /var/www/progression/http/controleurs/LoginControleur.php(35): progression\\domaine\\interacteur\\AuthentificationInteracteur->créerToken('admin')
#3 /var/www/vendor/illuminate/container/BoundMethod.php(36): progression\\http\\controleurs\\LoginControleur->login(Object(Laravel\\Lumen\\Http\\Request))
#4 /var/www/vendor/illuminate/container/Util.php(40): Illuminate\\Container\\BoundMethod::Illuminate\\Container\\{closure}()
#5 /var/www/vendor/illuminate/container/BoundMethod.php(93): Illuminate\\Container\\Util::unwrapIfClosure(Object(Closure))
#6 /var/www/vendor/illuminate/container/BoundMethod.php(37): Illuminate\\Container\\BoundMethod::callBoundMethod(Object(Laravel\\Lumen\\Application), Array, Object(Closure))
#7 /var/www/vendor/illuminate/container/Container.php(610): Illuminate\\Container\\BoundMethod::call(Object(Laravel\\Lumen\\Application), Array, Array, NULL)
#8 /var/www/vendor/laravel/lumen-framework/src/Concerns/RoutesRequests.php(386): Illuminate\\Container\\Container->call(Array, Array)
#9 /var/www/vendor/laravel/lumen-framework/src/Concerns/RoutesRequests.php(352): Laravel\\Lumen\\Application->callControllerCallable(Array, Array)
#10 /var/www/vendor/laravel/lumen-framework/src/Concerns/RoutesRequests.php(326): Laravel\\Lumen\\Application->callLumenController(Object(progression\\http\\controleurs\\LoginControleur), 'login', Array)
#11 /var/www/vendor/laravel/lumen-framework/src/Concerns/RoutesRequests.php(279): Laravel\\Lumen\\Application->callControllerAction(Array)
#12 /var/www/vendor/laravel/lumen-framework/src/Concerns/RoutesRequests.php(264): Laravel\\Lumen\\Application->callActionOnArrayBasedRoute(Array)
#13 /var/www/vendor/laravel/lumen-framework/src/Concerns/RoutesRequests.php(166): Laravel\\Lumen\\Application->handleFoundRoute(Array)
#14 /var/www/vendor/laravel/lumen-framework/src/Concerns/RoutesRequests.php(426): Laravel\\Lumen\\Application->Laravel\\Lumen\\Concerns\\{closure}(Object(Laravel\\Lumen\\Http\\Request))
#15 /var/www/vendor/laravel/lumen-framework/src/Concerns/RoutesRequests.php(172): Laravel\\Lumen\\Application->sendThroughPipeline(Array, Object(Closure))
#16 /var/www/vendor/laravel/lumen-framework/src/Concerns/RoutesRequests.php(109): Laravel\\Lumen\\Application->dispatch(NULL)
#17 /var/www/html/index.php(28): Laravel\\Lumen\\Application->run()
#18 {main}
"} 
[2021-02-05 17:26:32] production.ERROR: Impossible de charger /var/www/progression/dao/mock/DAOFactory.php {"exception":"[object] (MissingException(code: 0): Impossible de charger /var/www/progression/dao/mock/DAOFactory.php at /var/www/autoload.php:29)
[stacktrace]
#0 /var/www/progression/domaine/interacteur/LoginInteracteur.php(31): {closure}('progression\\\\dao...')
#1 /var/www/progression/domaine/interacteur/AuthentificationInteracteur.php(33): progression\\domaine\\interacteur\\LoginInteracteur->login('admin')
#2 /var/www/progression/http/controleurs/LoginControleur.php(35): progression\\domaine\\interacteur\\AuthentificationInteracteur->créerToken('admin')
#3 /var/www/vendor/illuminate/container/BoundMethod.php(36): progression\\http\\controleurs\\LoginControleur->login(Object(Laravel\\Lumen\\Http\\Request))
#4 /var/www/vendor/illuminate/container/Util.php(40): Illuminate\\Container\\BoundMethod::Illuminate\\Container\\{closure}()
#5 /var/www/vendor/illuminate/container/BoundMethod.php(93): Illuminate\\Container\\Util::unwrapIfClosure(Object(Closure))
#6 /var/www/vendor/illuminate/container/BoundMethod.php(37): Illuminate\\Container\\BoundMethod::callBoundMethod(Object(Laravel\\Lumen\\Application), Array, Object(Closure))
#7 /var/www/vendor/illuminate/container/Container.php(610): Illuminate\\Container\\BoundMethod::call(Object(Laravel\\Lumen\\Application), Array, Array, NULL)
#8 /var/www/vendor/laravel/lumen-framework/src/Concerns/RoutesRequests.php(386): Illuminate\\Container\\Container->call(Array, Array)
#9 /var/www/vendor/laravel/lumen-framework/src/Concerns/RoutesRequests.php(352): Laravel\\Lumen\\Application->callControllerCallable(Array, Array)
#10 /var/www/vendor/laravel/lumen-framework/src/Concerns/RoutesRequests.php(326): Laravel\\Lumen\\Application->callLumenController(Object(progression\\http\\controleurs\\LoginControleur), 'login', Array)
#11 /var/www/vendor/laravel/lumen-framework/src/Concerns/RoutesRequests.php(279): Laravel\\Lumen\\Application->callControllerAction(Array)
#12 /var/www/vendor/laravel/lumen-framework/src/Concerns/RoutesRequests.php(264): Laravel\\Lumen\\Application->callActionOnArrayBasedRoute(Array)
#13 /var/www/vendor/laravel/lumen-framework/src/Concerns/RoutesRequests.php(166): Laravel\\Lumen\\Application->handleFoundRoute(Array)
#14 /var/www/vendor/laravel/lumen-framework/src/Concerns/RoutesRequests.php(426): Laravel\\Lumen\\Application->Laravel\\Lumen\\Concerns\\{closure}(Object(Laravel\\Lumen\\Http\\Request))
#15 /var/www/vendor/laravel/lumen-framework/src/Concerns/RoutesRequests.php(172): Laravel\\Lumen\\Application->sendThroughPipeline(Array, Object(Closure))
#16 /var/www/vendor/laravel/lumen-framework/src/Concerns/RoutesRequests.php(109): Laravel\\Lumen\\Application->dispatch(NULL)
#17 /var/www/html/index.php(28): Laravel\\Lumen\\Application->run()
#18 {main}
"} 
[2021-02-05 17:29:03] production.ERROR: Impossible de charger /var/www/progression/domaine/interacteur/LoginInteracteur.php {"exception":"[object] (MissingException(code: 0): Impossible de charger /var/www/progression/domaine/interacteur/LoginInteracteur.php at /var/www/autoload.php:29)
[stacktrace]
#0 /var/www/progression/domaine/interacteur/AuthentificationInteracteur.php(32): {closure}('progression\\\\dom...')
#1 /var/www/progression/http/controleurs/LoginControleur.php(35): progression\\domaine\\interacteur\\AuthentificationInteracteur->créerToken('admin')
#2 /var/www/vendor/illuminate/container/BoundMethod.php(36): progression\\http\\controleurs\\LoginControleur->login(Object(Laravel\\Lumen\\Http\\Request))
#3 /var/www/vendor/illuminate/container/Util.php(40): Illuminate\\Container\\BoundMethod::Illuminate\\Container\\{closure}()
#4 /var/www/vendor/illuminate/container/BoundMethod.php(93): Illuminate\\Container\\Util::unwrapIfClosure(Object(Closure))
#5 /var/www/vendor/illuminate/container/BoundMethod.php(37): Illuminate\\Container\\BoundMethod::callBoundMethod(Object(Laravel\\Lumen\\Application), Array, Object(Closure))
#6 /var/www/vendor/illuminate/container/Container.php(610): Illuminate\\Container\\BoundMethod::call(Object(Laravel\\Lumen\\Application), Array, Array, NULL)
#7 /var/www/vendor/laravel/lumen-framework/src/Concerns/RoutesRequests.php(386): Illuminate\\Container\\Container->call(Array, Array)
#8 /var/www/vendor/laravel/lumen-framework/src/Concerns/RoutesRequests.php(352): Laravel\\Lumen\\Application->callControllerCallable(Array, Array)
#9 /var/www/vendor/laravel/lumen-framework/src/Concerns/RoutesRequests.php(326): Laravel\\Lumen\\Application->callLumenController(Object(progression\\http\\controleurs\\LoginControleur), 'login', Array)
#10 /var/www/vendor/laravel/lumen-framework/src/Concerns/RoutesRequests.php(279): Laravel\\Lumen\\Application->callControllerAction(Array)
#11 /var/www/vendor/laravel/lumen-framework/src/Concerns/RoutesRequests.php(264): Laravel\\Lumen\\Application->callActionOnArrayBasedRoute(Array)
#12 /var/www/vendor/laravel/lumen-framework/src/Concerns/RoutesRequests.php(166): Laravel\\Lumen\\Application->handleFoundRoute(Array)
#13 /var/www/vendor/laravel/lumen-framework/src/Concerns/RoutesRequests.php(426): Laravel\\Lumen\\Application->Laravel\\Lumen\\Concerns\\{closure}(Object(Laravel\\Lumen\\Http\\Request))
#14 /var/www/vendor/laravel/lumen-framework/src/Concerns/RoutesRequests.php(172): Laravel\\Lumen\\Application->sendThroughPipeline(Array, Object(Closure))
#15 /var/www/vendor/laravel/lumen-framework/src/Concerns/RoutesRequests.php(109): Laravel\\Lumen\\Application->dispatch(NULL)
#16 /var/www/html/index.php(28): Laravel\\Lumen\\Application->run()
#17 {main}
"} 
[2021-02-05 17:30:18] production.INFO: Le token a été créé pour: 172.20.0.1 (LoginInteracteur)  
[2021-02-05 17:50:35] production.ERROR: Impossible de charger /var/www/progression/domaine/interacteurs/AuthentificationInteracteur.php {"exception":"[object] (MissingException(code: 0): Impossible de charger /var/www/progression/domaine/interacteurs/AuthentificationInteracteur.php at /var/www/autoload.php:29)
[stacktrace]
#0 /var/www/progression/http/controleurs/LoginControleur.php(33): {closure}('progression\\\\dom...')
#1 /var/www/vendor/illuminate/container/BoundMethod.php(36): progression\\http\\controleurs\\LoginControleur->login(Object(Laravel\\Lumen\\Http\\Request))
#2 /var/www/vendor/illuminate/container/Util.php(40): Illuminate\\Container\\BoundMethod::Illuminate\\Container\\{closure}()
#3 /var/www/vendor/illuminate/container/BoundMethod.php(93): Illuminate\\Container\\Util::unwrapIfClosure(Object(Closure))
#4 /var/www/vendor/illuminate/container/BoundMethod.php(37): Illuminate\\Container\\BoundMethod::callBoundMethod(Object(Laravel\\Lumen\\Application), Array, Object(Closure))
#5 /var/www/vendor/illuminate/container/Container.php(610): Illuminate\\Container\\BoundMethod::call(Object(Laravel\\Lumen\\Application), Array, Array, NULL)
#6 /var/www/vendor/laravel/lumen-framework/src/Concerns/RoutesRequests.php(386): Illuminate\\Container\\Container->call(Array, Array)
#7 /var/www/vendor/laravel/lumen-framework/src/Concerns/RoutesRequests.php(352): Laravel\\Lumen\\Application->callControllerCallable(Array, Array)
#8 /var/www/vendor/laravel/lumen-framework/src/Concerns/RoutesRequests.php(326): Laravel\\Lumen\\Application->callLumenController(Object(progression\\http\\controleurs\\LoginControleur), 'login', Array)
#9 /var/www/vendor/laravel/lumen-framework/src/Concerns/RoutesRequests.php(279): Laravel\\Lumen\\Application->callControllerAction(Array)
#10 /var/www/vendor/laravel/lumen-framework/src/Concerns/RoutesRequests.php(264): Laravel\\Lumen\\Application->callActionOnArrayBasedRoute(Array)
#11 /var/www/vendor/laravel/lumen-framework/src/Concerns/RoutesRequests.php(166): Laravel\\Lumen\\Application->handleFoundRoute(Array)
#12 /var/www/vendor/laravel/lumen-framework/src/Concerns/RoutesRequests.php(426): Laravel\\Lumen\\Application->Laravel\\Lumen\\Concerns\\{closure}(Object(Laravel\\Lumen\\Http\\Request))
#13 /var/www/vendor/laravel/lumen-framework/src/Concerns/RoutesRequests.php(172): Laravel\\Lumen\\Application->sendThroughPipeline(Array, Object(Closure))
#14 /var/www/vendor/laravel/lumen-framework/src/Concerns/RoutesRequests.php(109): Laravel\\Lumen\\Application->dispatch(NULL)
#15 /var/www/html/index.php(28): Laravel\\Lumen\\Application->run()
#16 {main}
"} 
[2021-02-05 17:51:55] production.ERROR: Undefined array key "config" {"exception":"[object] (ErrorException(code: 0): Undefined array key \"config\" at /var/www/progression/domaine/interacteur/LoginInt.php:32)
[stacktrace]
#0 /var/www/progression/domaine/interacteur/LoginInt.php(32): Laravel\\Lumen\\Application->Laravel\\Lumen\\Concerns\\{closure}(2, 'Undefined array...', '/var/www/progre...', 32)
#1 /var/www/progression/domaine/interacteur/AuthentificationInteracteur.php(34): progression\\domaine\\interacteur\\LoginInt->effectuer_login('admin', NULL)
#2 /var/www/progression/http/controleurs/LoginControleur.php(37): progression\\domaine\\interacteur\\AuthentificationInteracteur->créerToken('admin', NULL)
#3 /var/www/vendor/illuminate/container/BoundMethod.php(36): progression\\http\\controleurs\\LoginControleur->login(Object(Laravel\\Lumen\\Http\\Request))
#4 /var/www/vendor/illuminate/container/Util.php(40): Illuminate\\Container\\BoundMethod::Illuminate\\Container\\{closure}()
#5 /var/www/vendor/illuminate/container/BoundMethod.php(93): Illuminate\\Container\\Util::unwrapIfClosure(Object(Closure))
#6 /var/www/vendor/illuminate/container/BoundMethod.php(37): Illuminate\\Container\\BoundMethod::callBoundMethod(Object(Laravel\\Lumen\\Application), Array, Object(Closure))
#7 /var/www/vendor/illuminate/container/Container.php(610): Illuminate\\Container\\BoundMethod::call(Object(Laravel\\Lumen\\Application), Array, Array, NULL)
#8 /var/www/vendor/laravel/lumen-framework/src/Concerns/RoutesRequests.php(386): Illuminate\\Container\\Container->call(Array, Array)
#9 /var/www/vendor/laravel/lumen-framework/src/Concerns/RoutesRequests.php(352): Laravel\\Lumen\\Application->callControllerCallable(Array, Array)
#10 /var/www/vendor/laravel/lumen-framework/src/Concerns/RoutesRequests.php(326): Laravel\\Lumen\\Application->callLumenController(Object(progression\\http\\controleurs\\LoginControleur), 'login', Array)
#11 /var/www/vendor/laravel/lumen-framework/src/Concerns/RoutesRequests.php(279): Laravel\\Lumen\\Application->callControllerAction(Array)
#12 /var/www/vendor/laravel/lumen-framework/src/Concerns/RoutesRequests.php(264): Laravel\\Lumen\\Application->callActionOnArrayBasedRoute(Array)
#13 /var/www/vendor/laravel/lumen-framework/src/Concerns/RoutesRequests.php(166): Laravel\\Lumen\\Application->handleFoundRoute(Array)
#14 /var/www/vendor/laravel/lumen-framework/src/Concerns/RoutesRequests.php(426): Laravel\\Lumen\\Application->Laravel\\Lumen\\Concerns\\{closure}(Object(Laravel\\Lumen\\Http\\Request))
#15 /var/www/vendor/laravel/lumen-framework/src/Concerns/RoutesRequests.php(172): Laravel\\Lumen\\Application->sendThroughPipeline(Array, Object(Closure))
#16 /var/www/vendor/laravel/lumen-framework/src/Concerns/RoutesRequests.php(109): Laravel\\Lumen\\Application->dispatch(NULL)
#17 /var/www/html/index.php(28): Laravel\\Lumen\\Application->run()
#18 {main}
"} 
[2021-02-05 17:56:33] production.ERROR: Call to a member function get_user_dao() on string {"exception":"[object] (Error(code: 0): Call to a member function get_user_dao() on string at /var/www/progression/domaine/interacteur/CréerUserInt.php:27)
[stacktrace]
#0 /var/www/progression/domaine/interacteur/LoginInt.php(127): progression\\domaine\\interacteur\\CréerUserInt->obtenir_ou_créer_user('admin')
#1 /var/www/progression/domaine/interacteur/LoginInt.php(35): progression\\domaine\\interacteur\\LoginInt->login_sans_authentification('admin')
#2 /var/www/progression/domaine/interacteur/AuthentificationInteracteur.php(34): progression\\domaine\\interacteur\\LoginInt->effectuer_login('admin', NULL)
#3 /var/www/progression/http/controleurs/LoginControleur.php(37): progression\\domaine\\interacteur\\AuthentificationInteracteur->créerToken('admin', NULL)
#4 /var/www/vendor/illuminate/container/BoundMethod.php(36): progression\\http\\controleurs\\LoginControleur->login(Object(Laravel\\Lumen\\Http\\Request))
#5 /var/www/vendor/illuminate/container/Util.php(40): Illuminate\\Container\\BoundMethod::Illuminate\\Container\\{closure}()
#6 /var/www/vendor/illuminate/container/BoundMethod.php(93): Illuminate\\Container\\Util::unwrapIfClosure(Object(Closure))
#7 /var/www/vendor/illuminate/container/BoundMethod.php(37): Illuminate\\Container\\BoundMethod::callBoundMethod(Object(Laravel\\Lumen\\Application), Array, Object(Closure))
#8 /var/www/vendor/illuminate/container/Container.php(610): Illuminate\\Container\\BoundMethod::call(Object(Laravel\\Lumen\\Application), Array, Array, NULL)
#9 /var/www/vendor/laravel/lumen-framework/src/Concerns/RoutesRequests.php(386): Illuminate\\Container\\Container->call(Array, Array)
#10 /var/www/vendor/laravel/lumen-framework/src/Concerns/RoutesRequests.php(352): Laravel\\Lumen\\Application->callControllerCallable(Array, Array)
#11 /var/www/vendor/laravel/lumen-framework/src/Concerns/RoutesRequests.php(326): Laravel\\Lumen\\Application->callLumenController(Object(progression\\http\\controleurs\\LoginControleur), 'login', Array)
#12 /var/www/vendor/laravel/lumen-framework/src/Concerns/RoutesRequests.php(279): Laravel\\Lumen\\Application->callControllerAction(Array)
#13 /var/www/vendor/laravel/lumen-framework/src/Concerns/RoutesRequests.php(264): Laravel\\Lumen\\Application->callActionOnArrayBasedRoute(Array)
#14 /var/www/vendor/laravel/lumen-framework/src/Concerns/RoutesRequests.php(166): Laravel\\Lumen\\Application->handleFoundRoute(Array)
#15 /var/www/vendor/laravel/lumen-framework/src/Concerns/RoutesRequests.php(426): Laravel\\Lumen\\Application->Laravel\\Lumen\\Concerns\\{closure}(Object(Laravel\\Lumen\\Http\\Request))
#16 /var/www/vendor/laravel/lumen-framework/src/Concerns/RoutesRequests.php(172): Laravel\\Lumen\\Application->sendThroughPipeline(Array, Object(Closure))
#17 /var/www/vendor/laravel/lumen-framework/src/Concerns/RoutesRequests.php(109): Laravel\\Lumen\\Application->dispatch(NULL)
#18 /var/www/html/index.php(28): Laravel\\Lumen\\Application->run()
#19 {main}
"} 
[2021-02-05 18:02:05] production.ERROR: include(/var/www/vendor/composer/../../tests/mock/dao/mock_dao_factory.php): Failed to open stream: No such file or directory {"exception":"[object] (ErrorException(code: 0): include(/var/www/vendor/composer/../../tests/mock/dao/mock_dao_factory.php): Failed to open stream: No such file or directory at /var/www/vendor/composer/ClassLoader.php:476)
[stacktrace]
#0 /var/www/vendor/composer/ClassLoader.php(476): Laravel\\Lumen\\Application->Laravel\\Lumen\\Concerns\\{closure}(2, 'include(/var/ww...', '/var/www/vendor...', 476)
#1 /var/www/vendor/composer/ClassLoader.php(476): include()
#2 /var/www/vendor/composer/ClassLoader.php(344): Composer\\Autoload\\includeFile('/var/www/vendor...')
#3 /var/www/progression/domaine/interacteur/AuthentificationInteracteur.php(34): Composer\\Autoload\\ClassLoader->loadClass('progression\\\\dao...')
#4 /var/www/progression/http/controleurs/LoginControleur.php(37): progression\\domaine\\interacteur\\AuthentificationInteracteur->créerToken('admin', NULL)
#5 /var/www/vendor/illuminate/container/BoundMethod.php(36): progression\\http\\controleurs\\LoginControleur->login(Object(Laravel\\Lumen\\Http\\Request))
#6 /var/www/vendor/illuminate/container/Util.php(40): Illuminate\\Container\\BoundMethod::Illuminate\\Container\\{closure}()
#7 /var/www/vendor/illuminate/container/BoundMethod.php(93): Illuminate\\Container\\Util::unwrapIfClosure(Object(Closure))
#8 /var/www/vendor/illuminate/container/BoundMethod.php(37): Illuminate\\Container\\BoundMethod::callBoundMethod(Object(Laravel\\Lumen\\Application), Array, Object(Closure))
#9 /var/www/vendor/illuminate/container/Container.php(610): Illuminate\\Container\\BoundMethod::call(Object(Laravel\\Lumen\\Application), Array, Array, NULL)
#10 /var/www/vendor/laravel/lumen-framework/src/Concerns/RoutesRequests.php(386): Illuminate\\Container\\Container->call(Array, Array)
#11 /var/www/vendor/laravel/lumen-framework/src/Concerns/RoutesRequests.php(352): Laravel\\Lumen\\Application->callControllerCallable(Array, Array)
#12 /var/www/vendor/laravel/lumen-framework/src/Concerns/RoutesRequests.php(326): Laravel\\Lumen\\Application->callLumenController(Object(progression\\http\\controleurs\\LoginControleur), 'login', Array)
#13 /var/www/vendor/laravel/lumen-framework/src/Concerns/RoutesRequests.php(279): Laravel\\Lumen\\Application->callControllerAction(Array)
#14 /var/www/vendor/laravel/lumen-framework/src/Concerns/RoutesRequests.php(264): Laravel\\Lumen\\Application->callActionOnArrayBasedRoute(Array)
#15 /var/www/vendor/laravel/lumen-framework/src/Concerns/RoutesRequests.php(166): Laravel\\Lumen\\Application->handleFoundRoute(Array)
#16 /var/www/vendor/laravel/lumen-framework/src/Concerns/RoutesRequests.php(426): Laravel\\Lumen\\Application->Laravel\\Lumen\\Concerns\\{closure}(Object(Laravel\\Lumen\\Http\\Request))
#17 /var/www/vendor/laravel/lumen-framework/src/Concerns/RoutesRequests.php(172): Laravel\\Lumen\\Application->sendThroughPipeline(Array, Object(Closure))
#18 /var/www/vendor/laravel/lumen-framework/src/Concerns/RoutesRequests.php(109): Laravel\\Lumen\\Application->dispatch(NULL)
#19 /var/www/html/index.php(28): Laravel\\Lumen\\Application->run()
#20 {main}
"} 
[2021-02-05 19:16:32] production.ERROR: include(/var/www/vendor/composer/../../tests/mock/dao/mock_dao_factory.php): Failed to open stream: No such file or directory {"exception":"[object] (ErrorException(code: 0): include(/var/www/vendor/composer/../../tests/mock/dao/mock_dao_factory.php): Failed to open stream: No such file or directory at /var/www/vendor/composer/ClassLoader.php:476)
[stacktrace]
#0 /var/www/vendor/composer/ClassLoader.php(476): Laravel\\Lumen\\Application->Laravel\\Lumen\\Concerns\\{closure}(2, 'include(/var/ww...', '/var/www/vendor...', 476)
#1 /var/www/vendor/composer/ClassLoader.php(476): include()
#2 /var/www/vendor/composer/ClassLoader.php(344): Composer\\Autoload\\includeFile('/var/www/vendor...')
#3 /var/www/progression/domaine/interacteur/AuthentificationInteracteur.php(34): Composer\\Autoload\\ClassLoader->loadClass('progression\\\\dao...')
#4 /var/www/progression/http/controleurs/LoginControleur.php(37): progression\\domaine\\interacteur\\AuthentificationInteracteur->créerToken('admin', NULL)
#5 /var/www/vendor/illuminate/container/BoundMethod.php(36): progression\\http\\controleurs\\LoginControleur->login(Object(Laravel\\Lumen\\Http\\Request))
#6 /var/www/vendor/illuminate/container/Util.php(40): Illuminate\\Container\\BoundMethod::Illuminate\\Container\\{closure}()
#7 /var/www/vendor/illuminate/container/BoundMethod.php(93): Illuminate\\Container\\Util::unwrapIfClosure(Object(Closure))
#8 /var/www/vendor/illuminate/container/BoundMethod.php(37): Illuminate\\Container\\BoundMethod::callBoundMethod(Object(Laravel\\Lumen\\Application), Array, Object(Closure))
#9 /var/www/vendor/illuminate/container/Container.php(610): Illuminate\\Container\\BoundMethod::call(Object(Laravel\\Lumen\\Application), Array, Array, NULL)
#10 /var/www/vendor/laravel/lumen-framework/src/Concerns/RoutesRequests.php(386): Illuminate\\Container\\Container->call(Array, Array)
#11 /var/www/vendor/laravel/lumen-framework/src/Concerns/RoutesRequests.php(352): Laravel\\Lumen\\Application->callControllerCallable(Array, Array)
#12 /var/www/vendor/laravel/lumen-framework/src/Concerns/RoutesRequests.php(326): Laravel\\Lumen\\Application->callLumenController(Object(progression\\http\\controleurs\\LoginControleur), 'login', Array)
#13 /var/www/vendor/laravel/lumen-framework/src/Concerns/RoutesRequests.php(279): Laravel\\Lumen\\Application->callControllerAction(Array)
#14 /var/www/vendor/laravel/lumen-framework/src/Concerns/RoutesRequests.php(264): Laravel\\Lumen\\Application->callActionOnArrayBasedRoute(Array)
#15 /var/www/vendor/laravel/lumen-framework/src/Concerns/RoutesRequests.php(166): Laravel\\Lumen\\Application->handleFoundRoute(Array)
#16 /var/www/vendor/laravel/lumen-framework/src/Concerns/RoutesRequests.php(426): Laravel\\Lumen\\Application->Laravel\\Lumen\\Concerns\\{closure}(Object(Laravel\\Lumen\\Http\\Request))
#17 /var/www/vendor/laravel/lumen-framework/src/Concerns/RoutesRequests.php(172): Laravel\\Lumen\\Application->sendThroughPipeline(Array, Object(Closure))
#18 /var/www/vendor/laravel/lumen-framework/src/Concerns/RoutesRequests.php(109): Laravel\\Lumen\\Application->dispatch(NULL)
#19 /var/www/html/index.php(28): Laravel\\Lumen\\Application->run()
#20 {main}
"} 
[2021-02-05 19:18:12] production.ERROR: include(/var/www/vendor/composer/../../tests/mock/dao/mock_dao_factory.php): Failed to open stream: No such file or directory {"exception":"[object] (ErrorException(code: 0): include(/var/www/vendor/composer/../../tests/mock/dao/mock_dao_factory.php): Failed to open stream: No such file or directory at /var/www/vendor/composer/ClassLoader.php:476)
[stacktrace]
#0 /var/www/vendor/composer/ClassLoader.php(476): Laravel\\Lumen\\Application->Laravel\\Lumen\\Concerns\\{closure}(2, 'include(/var/ww...', '/var/www/vendor...', 476)
#1 /var/www/vendor/composer/ClassLoader.php(476): include()
#2 /var/www/vendor/composer/ClassLoader.php(344): Composer\\Autoload\\includeFile('/var/www/vendor...')
#3 /var/www/progression/domaine/interacteur/AuthentificationInteracteur.php(34): Composer\\Autoload\\ClassLoader->loadClass('progression\\\\dao...')
#4 /var/www/progression/http/controleurs/LoginControleur.php(37): progression\\domaine\\interacteur\\AuthentificationInteracteur->créerToken('admin', NULL)
#5 /var/www/vendor/illuminate/container/BoundMethod.php(36): progression\\http\\controleurs\\LoginControleur->login(Object(Laravel\\Lumen\\Http\\Request))
#6 /var/www/vendor/illuminate/container/Util.php(40): Illuminate\\Container\\BoundMethod::Illuminate\\Container\\{closure}()
#7 /var/www/vendor/illuminate/container/BoundMethod.php(93): Illuminate\\Container\\Util::unwrapIfClosure(Object(Closure))
#8 /var/www/vendor/illuminate/container/BoundMethod.php(37): Illuminate\\Container\\BoundMethod::callBoundMethod(Object(Laravel\\Lumen\\Application), Array, Object(Closure))
#9 /var/www/vendor/illuminate/container/Container.php(610): Illuminate\\Container\\BoundMethod::call(Object(Laravel\\Lumen\\Application), Array, Array, NULL)
#10 /var/www/vendor/laravel/lumen-framework/src/Concerns/RoutesRequests.php(386): Illuminate\\Container\\Container->call(Array, Array)
#11 /var/www/vendor/laravel/lumen-framework/src/Concerns/RoutesRequests.php(352): Laravel\\Lumen\\Application->callControllerCallable(Array, Array)
#12 /var/www/vendor/laravel/lumen-framework/src/Concerns/RoutesRequests.php(326): Laravel\\Lumen\\Application->callLumenController(Object(progression\\http\\controleurs\\LoginControleur), 'login', Array)
#13 /var/www/vendor/laravel/lumen-framework/src/Concerns/RoutesRequests.php(279): Laravel\\Lumen\\Application->callControllerAction(Array)
#14 /var/www/vendor/laravel/lumen-framework/src/Concerns/RoutesRequests.php(264): Laravel\\Lumen\\Application->callActionOnArrayBasedRoute(Array)
#15 /var/www/vendor/laravel/lumen-framework/src/Concerns/RoutesRequests.php(166): Laravel\\Lumen\\Application->handleFoundRoute(Array)
#16 /var/www/vendor/laravel/lumen-framework/src/Concerns/RoutesRequests.php(426): Laravel\\Lumen\\Application->Laravel\\Lumen\\Concerns\\{closure}(Object(Laravel\\Lumen\\Http\\Request))
#17 /var/www/vendor/laravel/lumen-framework/src/Concerns/RoutesRequests.php(172): Laravel\\Lumen\\Application->sendThroughPipeline(Array, Object(Closure))
#18 /var/www/vendor/laravel/lumen-framework/src/Concerns/RoutesRequests.php(109): Laravel\\Lumen\\Application->dispatch(NULL)
#19 /var/www/html/index.php(28): Laravel\\Lumen\\Application->run()
#20 {main}
"} 
[2021-02-05 19:23:23] production.ERROR: include(/var/www/vendor/composer/../../tests/mock/dao/mock_dao_factory.php): Failed to open stream: No such file or directory {"exception":"[object] (ErrorException(code: 0): include(/var/www/vendor/composer/../../tests/mock/dao/mock_dao_factory.php): Failed to open stream: No such file or directory at /var/www/vendor/composer/ClassLoader.php:476)
[stacktrace]
#0 /var/www/vendor/composer/ClassLoader.php(476): Laravel\\Lumen\\Application->Laravel\\Lumen\\Concerns\\{closure}(2, 'include(/var/ww...', '/var/www/vendor...', 476)
#1 /var/www/vendor/composer/ClassLoader.php(476): include()
#2 /var/www/vendor/composer/ClassLoader.php(344): Composer\\Autoload\\includeFile('/var/www/vendor...')
#3 /var/www/progression/domaine/interacteur/AuthentificationInteracteur.php(34): Composer\\Autoload\\ClassLoader->loadClass('progression\\\\dao...')
#4 /var/www/progression/http/controleurs/LoginControleur.php(37): progression\\domaine\\interacteur\\AuthentificationInteracteur->créerToken('admin', NULL)
#5 /var/www/vendor/illuminate/container/BoundMethod.php(36): progression\\http\\controleurs\\LoginControleur->login(Object(Laravel\\Lumen\\Http\\Request))
#6 /var/www/vendor/illuminate/container/Util.php(40): Illuminate\\Container\\BoundMethod::Illuminate\\Container\\{closure}()
#7 /var/www/vendor/illuminate/container/BoundMethod.php(93): Illuminate\\Container\\Util::unwrapIfClosure(Object(Closure))
#8 /var/www/vendor/illuminate/container/BoundMethod.php(37): Illuminate\\Container\\BoundMethod::callBoundMethod(Object(Laravel\\Lumen\\Application), Array, Object(Closure))
#9 /var/www/vendor/illuminate/container/Container.php(610): Illuminate\\Container\\BoundMethod::call(Object(Laravel\\Lumen\\Application), Array, Array, NULL)
#10 /var/www/vendor/laravel/lumen-framework/src/Concerns/RoutesRequests.php(386): Illuminate\\Container\\Container->call(Array, Array)
#11 /var/www/vendor/laravel/lumen-framework/src/Concerns/RoutesRequests.php(352): Laravel\\Lumen\\Application->callControllerCallable(Array, Array)
#12 /var/www/vendor/laravel/lumen-framework/src/Concerns/RoutesRequests.php(326): Laravel\\Lumen\\Application->callLumenController(Object(progression\\http\\controleurs\\LoginControleur), 'login', Array)
#13 /var/www/vendor/laravel/lumen-framework/src/Concerns/RoutesRequests.php(279): Laravel\\Lumen\\Application->callControllerAction(Array)
#14 /var/www/vendor/laravel/lumen-framework/src/Concerns/RoutesRequests.php(264): Laravel\\Lumen\\Application->callActionOnArrayBasedRoute(Array)
#15 /var/www/vendor/laravel/lumen-framework/src/Concerns/RoutesRequests.php(166): Laravel\\Lumen\\Application->handleFoundRoute(Array)
#16 /var/www/vendor/laravel/lumen-framework/src/Concerns/RoutesRequests.php(426): Laravel\\Lumen\\Application->Laravel\\Lumen\\Concerns\\{closure}(Object(Laravel\\Lumen\\Http\\Request))
#17 /var/www/vendor/laravel/lumen-framework/src/Concerns/RoutesRequests.php(172): Laravel\\Lumen\\Application->sendThroughPipeline(Array, Object(Closure))
#18 /var/www/vendor/laravel/lumen-framework/src/Concerns/RoutesRequests.php(109): Laravel\\Lumen\\Application->dispatch(NULL)
#19 /var/www/html/index.php(28): Laravel\\Lumen\\Application->run()
#20 {main}
"} 
[2021-02-05 19:27:10] production.ERROR: Undefined array key "config" {"exception":"[object] (ErrorException(code: 0): Undefined array key \"config\" at /var/www/progression/domaine/interacteur/LoginInt.php:32)
[stacktrace]
#0 /var/www/progression/domaine/interacteur/LoginInt.php(32): Laravel\\Lumen\\Application->Laravel\\Lumen\\Concerns\\{closure}(2, 'Undefined array...', '/var/www/progre...', 32)
#1 /var/www/progression/domaine/interacteur/AuthentificationInteracteur.php(35): progression\\domaine\\interacteur\\LoginInt->effectuer_login('admin', NULL)
#2 /var/www/progression/http/controleurs/LoginControleur.php(37): progression\\domaine\\interacteur\\AuthentificationInteracteur->créerToken('admin', NULL)
#3 /var/www/vendor/illuminate/container/BoundMethod.php(36): progression\\http\\controleurs\\LoginControleur->login(Object(Laravel\\Lumen\\Http\\Request))
#4 /var/www/vendor/illuminate/container/Util.php(40): Illuminate\\Container\\BoundMethod::Illuminate\\Container\\{closure}()
#5 /var/www/vendor/illuminate/container/BoundMethod.php(93): Illuminate\\Container\\Util::unwrapIfClosure(Object(Closure))
#6 /var/www/vendor/illuminate/container/BoundMethod.php(37): Illuminate\\Container\\BoundMethod::callBoundMethod(Object(Laravel\\Lumen\\Application), Array, Object(Closure))
#7 /var/www/vendor/illuminate/container/Container.php(610): Illuminate\\Container\\BoundMethod::call(Object(Laravel\\Lumen\\Application), Array, Array, NULL)
#8 /var/www/vendor/laravel/lumen-framework/src/Concerns/RoutesRequests.php(386): Illuminate\\Container\\Container->call(Array, Array)
#9 /var/www/vendor/laravel/lumen-framework/src/Concerns/RoutesRequests.php(352): Laravel\\Lumen\\Application->callControllerCallable(Array, Array)
#10 /var/www/vendor/laravel/lumen-framework/src/Concerns/RoutesRequests.php(326): Laravel\\Lumen\\Application->callLumenController(Object(progression\\http\\controleurs\\LoginControleur), 'login', Array)
#11 /var/www/vendor/laravel/lumen-framework/src/Concerns/RoutesRequests.php(279): Laravel\\Lumen\\Application->callControllerAction(Array)
#12 /var/www/vendor/laravel/lumen-framework/src/Concerns/RoutesRequests.php(264): Laravel\\Lumen\\Application->callActionOnArrayBasedRoute(Array)
#13 /var/www/vendor/laravel/lumen-framework/src/Concerns/RoutesRequests.php(166): Laravel\\Lumen\\Application->handleFoundRoute(Array)
#14 /var/www/vendor/laravel/lumen-framework/src/Concerns/RoutesRequests.php(426): Laravel\\Lumen\\Application->Laravel\\Lumen\\Concerns\\{closure}(Object(Laravel\\Lumen\\Http\\Request))
#15 /var/www/vendor/laravel/lumen-framework/src/Concerns/RoutesRequests.php(172): Laravel\\Lumen\\Application->sendThroughPipeline(Array, Object(Closure))
#16 /var/www/vendor/laravel/lumen-framework/src/Concerns/RoutesRequests.php(109): Laravel\\Lumen\\Application->dispatch(NULL)
#17 /var/www/html/index.php(28): Laravel\\Lumen\\Application->run()
#18 {main}
"} 
[2021-02-05 19:27:46] production.ERROR: Failed opening required 'config.php' (include_path='.:/usr/local/lib/php') {"exception":"[object] (Error(code: 0): Failed opening required 'config.php' (include_path='.:/usr/local/lib/php') at /var/www/progression/dao/EntitéDAO.php:25)
[stacktrace]
#0 /var/www/vendor/composer/ClassLoader.php(476): include()
#1 /var/www/vendor/composer/ClassLoader.php(344): Composer\\Autoload\\includeFile('/var/www/vendor...')
#2 /var/www/progression/dao/UserDAO.php(22): Composer\\Autoload\\ClassLoader->loadClass('progression\\\\dao...')
#3 /var/www/vendor/composer/ClassLoader.php(476): include('/var/www/progre...')
#4 /var/www/vendor/composer/ClassLoader.php(344): Composer\\Autoload\\includeFile('/var/www/vendor...')
#5 /var/www/progression/dao/DAOFactory.php(70): Composer\\Autoload\\ClassLoader->loadClass('progression\\\\dao...')
#6 /var/www/progression/domaine/interacteur/CréerUserInt.php(27): progression\\dao\\DAOFactory->get_user_dao()
#7 /var/www/progression/domaine/interacteur/LoginInt.php(126): progression\\domaine\\interacteur\\CréerUserInt->obtenir_ou_créer_user('admin')
#8 /var/www/progression/domaine/interacteur/LoginInt.php(34): progression\\domaine\\interacteur\\LoginInt->login_sans_authentification('admin')
#9 /var/www/progression/domaine/interacteur/AuthentificationInteracteur.php(35): progression\\domaine\\interacteur\\LoginInt->effectuer_login('admin', NULL)
#10 /var/www/progression/http/controleurs/LoginControleur.php(37): progression\\domaine\\interacteur\\AuthentificationInteracteur->créerToken('admin', NULL)
#11 /var/www/vendor/illuminate/container/BoundMethod.php(36): progression\\http\\controleurs\\LoginControleur->login(Object(Laravel\\Lumen\\Http\\Request))
#12 /var/www/vendor/illuminate/container/Util.php(40): Illuminate\\Container\\BoundMethod::Illuminate\\Container\\{closure}()
#13 /var/www/vendor/illuminate/container/BoundMethod.php(93): Illuminate\\Container\\Util::unwrapIfClosure(Object(Closure))
#14 /var/www/vendor/illuminate/container/BoundMethod.php(37): Illuminate\\Container\\BoundMethod::callBoundMethod(Object(Laravel\\Lumen\\Application), Array, Object(Closure))
#15 /var/www/vendor/illuminate/container/Container.php(610): Illuminate\\Container\\BoundMethod::call(Object(Laravel\\Lumen\\Application), Array, Array, NULL)
#16 /var/www/vendor/laravel/lumen-framework/src/Concerns/RoutesRequests.php(386): Illuminate\\Container\\Container->call(Array, Array)
#17 /var/www/vendor/laravel/lumen-framework/src/Concerns/RoutesRequests.php(352): Laravel\\Lumen\\Application->callControllerCallable(Array, Array)
#18 /var/www/vendor/laravel/lumen-framework/src/Concerns/RoutesRequests.php(326): Laravel\\Lumen\\Application->callLumenController(Object(progression\\http\\controleurs\\LoginControleur), 'login', Array)
#19 /var/www/vendor/laravel/lumen-framework/src/Concerns/RoutesRequests.php(279): Laravel\\Lumen\\Application->callControllerAction(Array)
#20 /var/www/vendor/laravel/lumen-framework/src/Concerns/RoutesRequests.php(264): Laravel\\Lumen\\Application->callActionOnArrayBasedRoute(Array)
#21 /var/www/vendor/laravel/lumen-framework/src/Concerns/RoutesRequests.php(166): Laravel\\Lumen\\Application->handleFoundRoute(Array)
#22 /var/www/vendor/laravel/lumen-framework/src/Concerns/RoutesRequests.php(426): Laravel\\Lumen\\Application->Laravel\\Lumen\\Concerns\\{closure}(Object(Laravel\\Lumen\\Http\\Request))
#23 /var/www/vendor/laravel/lumen-framework/src/Concerns/RoutesRequests.php(172): Laravel\\Lumen\\Application->sendThroughPipeline(Array, Object(Closure))
#24 /var/www/vendor/laravel/lumen-framework/src/Concerns/RoutesRequests.php(109): Laravel\\Lumen\\Application->dispatch(NULL)
#25 /var/www/html/index.php(28): Laravel\\Lumen\\Application->run()
#26 {main}

[previous exception] [object] (ErrorException(code: 0): require_once(config.php): Failed to open stream: No such file or directory at /var/www/progression/dao/EntitéDAO.php:25)
[stacktrace]
#0 /var/www/progression/dao/EntitéDAO.php(25): Laravel\\Lumen\\Application->Laravel\\Lumen\\Concerns\\{closure}(2, 'require_once(co...', '/var/www/progre...', 25)
#1 /var/www/progression/dao/EntitéDAO.php(25): require_once()
#2 /var/www/vendor/composer/ClassLoader.php(476): include('/var/www/progre...')
#3 /var/www/vendor/composer/ClassLoader.php(344): Composer\\Autoload\\includeFile('/var/www/vendor...')
#4 /var/www/progression/dao/UserDAO.php(22): Composer\\Autoload\\ClassLoader->loadClass('progression\\\\dao...')
#5 /var/www/vendor/composer/ClassLoader.php(476): include('/var/www/progre...')
#6 /var/www/vendor/composer/ClassLoader.php(344): Composer\\Autoload\\includeFile('/var/www/vendor...')
#7 /var/www/progression/dao/DAOFactory.php(70): Composer\\Autoload\\ClassLoader->loadClass('progression\\\\dao...')
#8 /var/www/progression/domaine/interacteur/CréerUserInt.php(27): progression\\dao\\DAOFactory->get_user_dao()
#9 /var/www/progression/domaine/interacteur/LoginInt.php(126): progression\\domaine\\interacteur\\CréerUserInt->obtenir_ou_créer_user('admin')
#10 /var/www/progression/domaine/interacteur/LoginInt.php(34): progression\\domaine\\interacteur\\LoginInt->login_sans_authentification('admin')
#11 /var/www/progression/domaine/interacteur/AuthentificationInteracteur.php(35): progression\\domaine\\interacteur\\LoginInt->effectuer_login('admin', NULL)
#12 /var/www/progression/http/controleurs/LoginControleur.php(37): progression\\domaine\\interacteur\\AuthentificationInteracteur->créerToken('admin', NULL)
#13 /var/www/vendor/illuminate/container/BoundMethod.php(36): progression\\http\\controleurs\\LoginControleur->login(Object(Laravel\\Lumen\\Http\\Request))
#14 /var/www/vendor/illuminate/container/Util.php(40): Illuminate\\Container\\BoundMethod::Illuminate\\Container\\{closure}()
#15 /var/www/vendor/illuminate/container/BoundMethod.php(93): Illuminate\\Container\\Util::unwrapIfClosure(Object(Closure))
#16 /var/www/vendor/illuminate/container/BoundMethod.php(37): Illuminate\\Container\\BoundMethod::callBoundMethod(Object(Laravel\\Lumen\\Application), Array, Object(Closure))
#17 /var/www/vendor/illuminate/container/Container.php(610): Illuminate\\Container\\BoundMethod::call(Object(Laravel\\Lumen\\Application), Array, Array, NULL)
#18 /var/www/vendor/laravel/lumen-framework/src/Concerns/RoutesRequests.php(386): Illuminate\\Container\\Container->call(Array, Array)
#19 /var/www/vendor/laravel/lumen-framework/src/Concerns/RoutesRequests.php(352): Laravel\\Lumen\\Application->callControllerCallable(Array, Array)
#20 /var/www/vendor/laravel/lumen-framework/src/Concerns/RoutesRequests.php(326): Laravel\\Lumen\\Application->callLumenController(Object(progression\\http\\controleurs\\LoginControleur), 'login', Array)
#21 /var/www/vendor/laravel/lumen-framework/src/Concerns/RoutesRequests.php(279): Laravel\\Lumen\\Application->callControllerAction(Array)
#22 /var/www/vendor/laravel/lumen-framework/src/Concerns/RoutesRequests.php(264): Laravel\\Lumen\\Application->callActionOnArrayBasedRoute(Array)
#23 /var/www/vendor/laravel/lumen-framework/src/Concerns/RoutesRequests.php(166): Laravel\\Lumen\\Application->handleFoundRoute(Array)
#24 /var/www/vendor/laravel/lumen-framework/src/Concerns/RoutesRequests.php(426): Laravel\\Lumen\\Application->Laravel\\Lumen\\Concerns\\{closure}(Object(Laravel\\Lumen\\Http\\Request))
#25 /var/www/vendor/laravel/lumen-framework/src/Concerns/RoutesRequests.php(172): Laravel\\Lumen\\Application->sendThroughPipeline(Array, Object(Closure))
#26 /var/www/vendor/laravel/lumen-framework/src/Concerns/RoutesRequests.php(109): Laravel\\Lumen\\Application->dispatch(NULL)
#27 /var/www/html/index.php(28): Laravel\\Lumen\\Application->run()
#28 {main}
"} 
